c:\users\molha\onedrive\desktop\fhs\06_semester\gdv2\extra\gdv_2_pong\gdv_vs2019\projects\build\win32\example\debug\vc142.pdb
c:\users\molha\onedrive\desktop\fhs\06_semester\gdv2\extra\gdv_2_pong\gdv_vs2019\projects\build\win32\example\debug\vc142.idb
c:\users\molha\onedrive\desktop\fhs\06_semester\gdv2\extra\gdv_2_pong\gdv_vs2019\projects\build\win32\example\debug\main.obj
c:\users\molha\onedrive\desktop\fhs\06_semester\gdv2\extra\gdv_2_pong\gdv_vs2019\projects\build\win32\example\debug\functions.obj
c:\users\molha\onedrive\desktop\gdv2\projekt_v01\projects\build\win32\example\debug\vc142.pdb
c:\users\molha\onedrive\desktop\gdv2\projekt_v01\projects\build\win32\example\debug\vc142.idb
c:\users\molha\onedrive\desktop\gdv2\projekt_v01\projects\build\win32\example\debug\main.obj
c:\users\molha\onedrive\desktop\gdv2\projekt_v01\projects\build\win32\example\debug\functions.obj
c:\users\molha\onedrive\desktop\fhs\06_semester\gdv2\extra\gdv_2_pong\gdv_vs2019\projects\build\win32\example\debug\example_debug.exe
c:\users\molha\onedrive\desktop\fhs\06_semester\gdv2\extra\gdv_2_pong\gdv_vs2019\projects\build\win32\example\debug\example_debug.ilk
c:\users\molha\onedrive\desktop\fhs\06_semester\gdv2\extra\gdv_2_pong\gdv_vs2019\projects\build\win32\example\debug\example_debug.pdb
c:\users\molha\onedrive\desktop\gdv2\projekt_v01\projects\build\win32\example\debug\example_debug.exe
c:\users\molha\onedrive\desktop\gdv2\projekt_v01\projects\build\win32\example\debug\example_debug.ilk
c:\users\molha\onedrive\desktop\gdv2\projekt_v01\projects\build\win32\example\debug\example_debug.pdb
c:\users\molha\onedrive\desktop\gdv2\projekt_v01\projects\build\win32\example\debug\klausur.obj
c:\users\molha\onedrive\desktop\gdv2\projekt_v01\projects\\build\win32\example\debug\example_debug.ilk
c:\users\molha\onedrive\desktop\gdv2\projekt_v01\projects\build\win32\example\debug\example.tlog\cl.command.1.tlog
c:\users\molha\onedrive\desktop\gdv2\projekt_v01\projects\build\win32\example\debug\example.tlog\cl.read.1.tlog
c:\users\molha\onedrive\desktop\gdv2\projekt_v01\projects\build\win32\example\debug\example.tlog\cl.write.1.tlog
c:\users\molha\onedrive\desktop\gdv2\projekt_v01\projects\build\win32\example\debug\example.tlog\link.command.1.tlog
c:\users\molha\onedrive\desktop\gdv2\projekt_v01\projects\build\win32\example\debug\example.tlog\link.read.1.tlog
c:\users\molha\onedrive\desktop\gdv2\projekt_v01\projects\build\win32\example\debug\example.tlog\link.write.1.tlog
